
  ============================================================
  Azure Blob Storage — Immutability Cleanup v3.0.1-debug
  ============================================================

18:24:25 [=] Modo: REMOVER BLOBS | PageSize: 50
18:24:25 [i] Verbose: ATIVADO

  ╔══════════════════════════════════════════════════════════╗
  ║  ATENÇÃO: MODO DESTRUTIVO — REMOVER BLOBS               ║
  ╚══════════════════════════════════════════════════════════╝


18:24:31 [i] Verificando conexão Azure...
18:24:31 [+] Conectado: admin@rfaasp.onmicrosoft.com | Sub: Microsoft Azure
18:24:31 [=] Buscando Storage Accounts...
18:24:32 [i] Encontradas 1 Storage Account(s)
18:24:32 [=] Storage Account [1/1]: storage2025v2 (RG: Rfaa2)
18:24:32 [i]   Container [1/1]: cloud1 | Sem política
18:24:32 [i]     Pág 1 requisitando até 50 blobs...
18:24:34 [+]     Pág 1: 50 blobs | token capturado → mais páginas
>>> DEBUG: Iniciando foreach de 50 blobs (pág 1) | modeRemove=True | MinAccountSizeTB=0
18:24:35 [!]     [EXPIRED] Veeam/Archive/Veeam/062e4216-6c7d-4c6c-802a-d3f20e4ec7de/9cbd8b8e-9173-475b-8... (143.89 KB) | 14d
18:24:35 [!]     [EXPIRED] Veeam/Archive/Veeam/062e4216-6c7d-4c6c-802a-d3f20e4ec7de/9cbd8b8e-9173-475b-8... (161.58 KB) | 14d
18:24:35 [!]     [EXPIRED] Veeam/Archive/Veeam/062e4216-6c7d-4c6c-802a-d3f20e4ec7de/9cbd8b8e-9173-475b-8... (137.93 KB) | 14d
18:24:35 [!]     [EXPIRED] Veeam/Archive/Veeam/062e4216-6c7d-4c6c-802a-d3f20e4ec7de/9cbd8b8e-9173-475b-8... (56.10 KB) | 14d
18:24:35 [!]     [EXPIRED] Veeam/Archive/Veeam/062e4216-6c7d-4c6c-802a-d3f20e4ec7de/9cbd8b8e-9173-475b-8... (87.47 KB) | 14d
18:24:35 [!]     [EXPIRED] Veeam/Archive/Veeam/062e4216-6c7d-4c6c-802a-d3f20e4ec7de/9cbd8b8e-9173-475b-8... (71.76 KB) | 14d
18:24:36 [!]     [EXPIRED] Veeam/Archive/Veeam/062e4216-6c7d-4c6c-802a-d3f20e4ec7de/9cbd8b8e-9173-475b-8... (67.06 KB) | 14d
18:24:36 [!]     [EXPIRED] Veeam/Archive/Veeam/062e4216-6c7d-4c6c-802a-d3f20e4ec7de/9cbd8b8e-9173-475b-8... (128.08 KB) | 14d
18:24:36 [!]     [EXPIRED] Veeam/Archive/Veeam/062e4216-6c7d-4c6c-802a-d3f20e4ec7de/9cbd8b8e-9173-475b-8... (49.59 KB) | 4d
18:24:36 [!]     [EXPIRED] Veeam/Archive/Veeam/062e4216-6c7d-4c6c-802a-d3f20e4ec7de/9cbd8b8e-9173-475b-8... (125.61 KB) | 24d
18:24:36 [!]     [EXPIRED] Veeam/Archive/Veeam/062e4216-6c7d-4c6c-802a-d3f20e4ec7de/9cbd8b8e-9173-475b-8... (70.15 KB) | 24d
18:24:36 [!]     [EXPIRED] Veeam/Archive/Veeam/062e4216-6c7d-4c6c-802a-d3f20e4ec7de/9cbd8b8e-9173-475b-8... (66.39 KB) | 14d
18:24:36 [!]     [EXPIRED] Veeam/Archive/Veeam/062e4216-6c7d-4c6c-802a-d3f20e4ec7de/9cbd8b8e-9173-475b-8... (47.52 KB) | 24d
18:24:36 [!]     [EXPIRED] Veeam/Archive/Veeam/062e4216-6c7d-4c6c-802a-d3f20e4ec7de/9cbd8b8e-9173-475b-8... (55.96 KB) | 24d
18:24:37 [!]     [EXPIRED] Veeam/Archive/Veeam/062e4216-6c7d-4c6c-802a-d3f20e4ec7de/9cbd8b8e-9173-475b-8... (28.38 KB) | 4d
18:24:37 [!]     [EXPIRED] Veeam/Archive/Veeam/062e4216-6c7d-4c6c-802a-d3f20e4ec7de/9cbd8b8e-9173-475b-8... (53.00 KB) | 4d
18:24:37 [!]     [EXPIRED] Veeam/Archive/Veeam/062e4216-6c7d-4c6c-802a-d3f20e4ec7de/9cbd8b8e-9173-475b-8... (34.35 KB) | 24d
18:24:37 [!]     [EXPIRED] Veeam/Archive/Veeam/062e4216-6c7d-4c6c-802a-d3f20e4ec7de/9cbd8b8e-9173-475b-8... (63.72 KB) | 24d
18:24:37 [!]     [EXPIRED] Veeam/Archive/Veeam/062e4216-6c7d-4c6c-802a-d3f20e4ec7de/9cbd8b8e-9173-475b-8... (39.23 KB) | 4d
18:24:37 [!]     [EXPIRED] Veeam/Archive/Veeam/062e4216-6c7d-4c6c-802a-d3f20e4ec7de/9cbd8b8e-9173-475b-8... (34.13 KB) | 24d
18:24:37 [!]     [EXPIRED] Veeam/Archive/Veeam/062e4216-6c7d-4c6c-802a-d3f20e4ec7de/9cbd8b8e-9173-475b-8... (80.66 KB) | 24d
18:24:37 [!]     [EXPIRED] Veeam/Archive/Veeam/062e4216-6c7d-4c6c-802a-d3f20e4ec7de/9cbd8b8e-9173-475b-8... (81.80 KB) | 14d
18:24:38 [!]     [EXPIRED] Veeam/Archive/Veeam/062e4216-6c7d-4c6c-802a-d3f20e4ec7de/9cbd8b8e-9173-475b-8... (61.68 KB) | 24d
18:24:38 [!]     [EXPIRED] Veeam/Archive/Veeam/062e4216-6c7d-4c6c-802a-d3f20e4ec7de/9cbd8b8e-9173-475b-8... (49.33 KB) | 4d
18:24:38 [!]     [EXPIRED] Veeam/Archive/Veeam/062e4216-6c7d-4c6c-802a-d3f20e4ec7de/9cbd8b8e-9173-475b-8... (54.10 KB) | 14d
18:24:38 [!]     [EXPIRED] Veeam/Archive/Veeam/062e4216-6c7d-4c6c-802a-d3f20e4ec7de/9cbd8b8e-9173-475b-8... (59.08 KB) | 4d
18:24:38 [!]     [EXPIRED] Veeam/Archive/Veeam/062e4216-6c7d-4c6c-802a-d3f20e4ec7de/9cbd8b8e-9173-475b-8... (34.96 KB) | 4d
18:24:38 [!]     [EXPIRED] Veeam/Archive/Veeam/062e4216-6c7d-4c6c-802a-d3f20e4ec7de/9cbd8b8e-9173-475b-8... (47.82 KB) | 4d
18:24:38 [!]     [EXPIRED] Veeam/Archive/Veeam/062e4216-6c7d-4c6c-802a-d3f20e4ec7de/9cbd8b8e-9173-475b-8... (48.81 KB) | 24d
18:24:38 [!]     [EXPIRED] Veeam/Archive/Veeam/062e4216-6c7d-4c6c-802a-d3f20e4ec7de/9cbd8b8e-9173-475b-8... (32.33 KB) | 4d
18:24:39 [!]     [EXPIRED] Veeam/Archive/Veeam/062e4216-6c7d-4c6c-802a-d3f20e4ec7de/9cbd8b8e-9173-475b-8... (48.41 KB) | 14d
18:24:39 [!]     [EXPIRED] Veeam/Archive/Veeam/062e4216-6c7d-4c6c-802a-d3f20e4ec7de/9cbd8b8e-9173-475b-8... (95.22 KB) | 14d
18:24:39 [!]     [EXPIRED] Veeam/Archive/Veeam/062e4216-6c7d-4c6c-802a-d3f20e4ec7de/9cbd8b8e-9173-475b-8... (68.29 KB) | 24d
18:24:39 [!]     [EXPIRED] Veeam/Archive/Veeam/062e4216-6c7d-4c6c-802a-d3f20e4ec7de/9cbd8b8e-9173-475b-8... (50.38 KB) | 4d
18:24:39 [!]     [EXPIRED] Veeam/Archive/Veeam/062e4216-6c7d-4c6c-802a-d3f20e4ec7de/9cbd8b8e-9173-475b-8... (37.36 KB) | 4d
18:24:39 [!]     [EXPIRED] Veeam/Archive/Veeam/062e4216-6c7d-4c6c-802a-d3f20e4ec7de/9cbd8b8e-9173-475b-8... (35.93 KB) | 14d
18:24:39 [!]     [EXPIRED] Veeam/Archive/Veeam/062e4216-6c7d-4c6c-802a-d3f20e4ec7de/9cbd8b8e-9173-475b-8... (78.10 KB) | 24d
18:24:39 [!]     [EXPIRED] Veeam/Archive/Veeam/062e4216-6c7d-4c6c-802a-d3f20e4ec7de/9cbd8b8e-9173-475b-8... (31.19 KB) | 4d
18:24:40 [!]     [EXPIRED] Veeam/Archive/Veeam/062e4216-6c7d-4c6c-802a-d3f20e4ec7de/9cbd8b8e-9173-475b-8... (55.34 KB) | 24d
18:24:40 [!]     [EXPIRED] Veeam/Archive/Veeam/062e4216-6c7d-4c6c-802a-d3f20e4ec7de/9cbd8b8e-9173-475b-8... (50.23 KB) | 24d
18:24:40 [!]     [EXPIRED] Veeam/Archive/Veeam/062e4216-6c7d-4c6c-802a-d3f20e4ec7de/9cbd8b8e-9173-475b-8... (49.28 KB) | 4d
18:24:40 [!]     [EXPIRED] Veeam/Archive/Veeam/062e4216-6c7d-4c6c-802a-d3f20e4ec7de/9cbd8b8e-9173-475b-8... (56.14 KB) | 24d
18:24:40 [!]     [EXPIRED] Veeam/Archive/Veeam/062e4216-6c7d-4c6c-802a-d3f20e4ec7de/9cbd8b8e-9173-475b-8... (28.60 KB) | 14d
18:24:40 [!]     [EXPIRED] Veeam/Archive/Veeam/062e4216-6c7d-4c6c-802a-d3f20e4ec7de/9cbd8b8e-9173-475b-8... (53.39 KB) | 14d
18:24:40 [!]     [EXPIRED] Veeam/Archive/Veeam/062e4216-6c7d-4c6c-802a-d3f20e4ec7de/9cbd8b8e-9173-475b-8... (55.19 KB) | 24d
18:24:40 [!]     [EXPIRED] Veeam/Archive/Veeam/062e4216-6c7d-4c6c-802a-d3f20e4ec7de/9cbd8b8e-9173-475b-8... (45.16 KB) | 14d
18:24:41 [!]     [EXPIRED] Veeam/Archive/Veeam/062e4216-6c7d-4c6c-802a-d3f20e4ec7de/9cbd8b8e-9173-475b-8... (27.02 KB) | 24d
18:24:41 [!]     [EXPIRED] Veeam/Archive/Veeam/062e4216-6c7d-4c6c-802a-d3f20e4ec7de/9cbd8b8e-9173-475b-8... (33.35 KB) | 4d
>>> DEBUG: foreach CONCLUÍDO | pageEligible.Count=48 | ctrExpired=48 | stats.Eligible=48
18:24:41 [!]     Pág 1: removendo 48 blob(s)...
18:24:41 [D]     [1/2] Política não encontrada (versão não-current), continuando...
18:24:41 [+]     REMOVED: 'Veeam/Archive/Veeam/062e4216-6c7d-4c6c-802a-d3f20e4ec7de/9cbd8b8e-9173-475b-89f4-c5dc4892819e/data.v2/Data/{011a317f-0bfa-4ee5-b57c-4f992df1569b}/{117bbe62-d5f6-42e8-b8c2-cdc3481db6e6}/126901_7e1b77abcf7f6a548f52bec2453f438e_00000000000000000000000000000000' [v:2025-12-21T15:16] (143.89 KB)
18:24:41 [D]     [1/2] Política não encontrada (versão não-current), continuando...
18:24:41 [+]     REMOVED: 'Veeam/Archive/Veeam/062e4216-6c7d-4c6c-802a-d3f20e4ec7de/9cbd8b8e-9173-475b-89f4-c5dc4892819e/data.v2/Data/{011a317f-0bfa-4ee5-b57c-4f992df1569b}/{117bbe62-d5f6-42e8-b8c2-cdc3481db6e6}/126902_5783ffcec776bf33bbc486645bcff5c4_00000000000000000000000000000000' [v:2025-12-21T15:16] (161.58 KB)
18:24:41 [D]     [1/2] Política não encontrada (versão não-current), continuando...
18:24:42 [+]     REMOVED: 'Veeam/Archive/Veeam/062e4216-6c7d-4c6c-802a-d3f20e4ec7de/9cbd8b8e-9173-475b-89f4-c5dc4892819e/data.v2/Data/{011a317f-0bfa-4ee5-b57c-4f992df1569b}/{117bbe62-d5f6-42e8-b8c2-cdc3481db6e6}/126903_c0ed7898c97cb82c559ebc04d41f99b2_00000000000000000000000000000000' [v:2025-12-21T15:16] (137.93 KB)
18:24:42 [D]     [1/2] Política não encontrada (versão não-current), continuando...
18:24:42 [+]     REMOVED: 'Veeam/Archive/Veeam/062e4216-6c7d-4c6c-802a-d3f20e4ec7de/9cbd8b8e-9173-475b-89f4-c5dc4892819e/data.v2/Data/{011a317f-0bfa-4ee5-b57c-4f992df1569b}/{117bbe62-d5f6-42e8-b8c2-cdc3481db6e6}/126904_19b1bed292d7d030e3bba62025121f78_00000000000000000000000000000000' [v:2025-12-21T15:16] (56.10 KB)
18:24:42 [D]     [1/2] Política não encontrada (versão não-current), continuando...
18:24:42 [+]     REMOVED: 'Veeam/Archive/Veeam/062e4216-6c7d-4c6c-802a-d3f20e4ec7de/9cbd8b8e-9173-475b-89f4-c5dc4892819e/data.v2/Data/{011a317f-0bfa-4ee5-b57c-4f992df1569b}/{117bbe62-d5f6-42e8-b8c2-cdc3481db6e6}/126905_aed8f7779123c448ea41a7e0937e99b2_00000000000000000000000000000000' [v:2025-12-21T15:16] (87.47 KB)
18:24:42 [D]     [1/2] Política não encontrada (versão não-current), continuando...
18:24:42 [+]     REMOVED: 'Veeam/Archive/Veeam/062e4216-6c7d-4c6c-802a-d3f20e4ec7de/9cbd8b8e-9173-475b-89f4-c5dc4892819e/data.v2/Data/{011a317f-0bfa-4ee5-b57c-4f992df1569b}/{117bbe62-d5f6-42e8-b8c2-cdc3481db6e6}/126906_86bd5b8bbbdf6376220cebf0e82fecfc_00000000000000000000000000000000' [v:2025-12-21T15:16] (71.76 KB)
18:24:43 [D]     [1/2] Política não encontrada (versão não-current), continuando...
18:24:43 [+]     REMOVED: 'Veeam/Archive/Veeam/062e4216-6c7d-4c6c-802a-d3f20e4ec7de/9cbd8b8e-9173-475b-89f4-c5dc4892819e/data.v2/Data/{011a317f-0bfa-4ee5-b57c-4f992df1569b}/{117bbe62-d5f6-42e8-b8c2-cdc3481db6e6}/126907_4b5d1d6373f04deed35ebea43facd1bd_00000000000000000000000000000000' [v:2025-12-21T15:16] (67.06 KB)
18:24:43 [D]     [1/2] Política não encontrada (versão não-current), continuando...
18:24:43 [+]     REMOVED: 'Veeam/Archive/Veeam/062e4216-6c7d-4c6c-802a-d3f20e4ec7de/9cbd8b8e-9173-475b-89f4-c5dc4892819e/data.v2/Data/{011a317f-0bfa-4ee5-b57c-4f992df1569b}/{117bbe62-d5f6-42e8-b8c2-cdc3481db6e6}/126908_bb8fb546f3a01d713be8d9a0359ca902_00000000000000000000000000000000' [v:2025-12-21T15:16] (128.08 KB)
18:24:43 [D]     [1/2] Política não encontrada (versão não-current), continuando...
18:24:43 [+]     REMOVED: 'Veeam/Archive/Veeam/062e4216-6c7d-4c6c-802a-d3f20e4ec7de/9cbd8b8e-9173-475b-89f4-c5dc4892819e/data.v2/Data/{011a317f-0bfa-4ee5-b57c-4f992df1569b}/{117bbe62-d5f6-42e8-b8c2-cdc3481db6e6}/126911_16efb873f485712401972fea88ab767f_00000000000000000000000000000000' [v:2025-12-21T15:16] (49.59 KB)
18:24:43 [D]     [1/2] Política não encontrada (versão não-current), continuando...
18:24:44 [+]     REMOVED: 'Veeam/Archive/Veeam/062e4216-6c7d-4c6c-802a-d3f20e4ec7de/9cbd8b8e-9173-475b-89f4-c5dc4892819e/data.v2/Data/{011a317f-0bfa-4ee5-b57c-4f992df1569b}/{117bbe62-d5f6-42e8-b8c2-cdc3481db6e6}/126916_ef5833714c310d299198ef27b6112cf4_00000000000000000000000000000000' [v:2025-12-21T15:16] (125.61 KB)
18:24:44 [D]     [1/2] Política não encontrada (versão não-current), continuando...
18:24:44 [+]     REMOVED: 'Veeam/Archive/Veeam/062e4216-6c7d-4c6c-802a-d3f20e4ec7de/9cbd8b8e-9173-475b-89f4-c5dc4892819e/data.v2/Data/{011a317f-0bfa-4ee5-b57c-4f992df1569b}/{117bbe62-d5f6-42e8-b8c2-cdc3481db6e6}/126918_4899aea222d8f744d36e47b8d937f6c3_00000000000000000000000000000000' [v:2025-12-21T15:16] (70.15 KB)
18:24:44 [D]     [1/2] Política não encontrada (versão não-current), continuando...
18:24:44 [+]     REMOVED: 'Veeam/Archive/Veeam/062e4216-6c7d-4c6c-802a-d3f20e4ec7de/9cbd8b8e-9173-475b-89f4-c5dc4892819e/data.v2/Data/{011a317f-0bfa-4ee5-b57c-4f992df1569b}/{117bbe62-d5f6-42e8-b8c2-cdc3481db6e6}/126919_8683339bf09ab8c24326dea837bcc499_00000000000000000000000000000000' [v:2025-12-21T15:16] (66.39 KB)
18:24:44 [D]     [1/2] Política não encontrada (versão não-current), continuando...
18:24:45 [+]     REMOVED: 'Veeam/Archive/Veeam/062e4216-6c7d-4c6c-802a-d3f20e4ec7de/9cbd8b8e-9173-475b-89f4-c5dc4892819e/data.v2/Data/{011a317f-0bfa-4ee5-b57c-4f992df1569b}/{117bbe62-d5f6-42e8-b8c2-cdc3481db6e6}/126921_304d0d72fa9ba8c8bf6003b01750734d_00000000000000000000000000000000' [v:2025-12-21T15:16] (47.52 KB)
18:24:45 [D]     [1/2] Política não encontrada (versão não-current), continuando...
18:24:45 [+]     REMOVED: 'Veeam/Archive/Veeam/062e4216-6c7d-4c6c-802a-d3f20e4ec7de/9cbd8b8e-9173-475b-89f4-c5dc4892819e/data.v2/Data/{011a317f-0bfa-4ee5-b57c-4f992df1569b}/{117bbe62-d5f6-42e8-b8c2-cdc3481db6e6}/126922_4b208c4bab8ff1971243315ac9b639c0_00000000000000000000000000000000' [v:2025-12-21T15:16] (55.96 KB)
18:24:45 [D]     [1/2] Política não encontrada (versão não-current), continuando...
18:24:45 [+]     REMOVED: 'Veeam/Archive/Veeam/062e4216-6c7d-4c6c-802a-d3f20e4ec7de/9cbd8b8e-9173-475b-89f4-c5dc4892819e/data.v2/Data/{011a317f-0bfa-4ee5-b57c-4f992df1569b}/{117bbe62-d5f6-42e8-b8c2-cdc3481db6e6}/126925_f5660892ce717d43bc1eb369c447b563_00000000000000000000000000000000' [v:2025-12-21T15:16] (28.38 KB)
18:24:45 [D]     [1/2] Política não encontrada (versão não-current), continuando...
18:24:45 [+]     REMOVED: 'Veeam/Archive/Veeam/062e4216-6c7d-4c6c-802a-d3f20e4ec7de/9cbd8b8e-9173-475b-89f4-c5dc4892819e/data.v2/Data/{011a317f-0bfa-4ee5-b57c-4f992df1569b}/{117bbe62-d5f6-42e8-b8c2-cdc3481db6e6}/126931_5d6d735e403ad8328c2127670a4d15d8_00000000000000000000000000000000' [v:2025-12-21T15:16] (53.00 KB)
18:24:46 [D]     [1/2] Política não encontrada (versão não-current), continuando...
18:24:46 [+]     REMOVED: 'Veeam/Archive/Veeam/062e4216-6c7d-4c6c-802a-d3f20e4ec7de/9cbd8b8e-9173-475b-89f4-c5dc4892819e/data.v2/Data/{011a317f-0bfa-4ee5-b57c-4f992df1569b}/{117bbe62-d5f6-42e8-b8c2-cdc3481db6e6}/126934_66d2c29b084d54ea0378b0a3ce8ea7a7_00000000000000000000000000000000' [v:2025-12-21T15:16] (34.35 KB)
18:24:46 [D]     [1/2] Política não encontrada (versão não-current), continuando...
18:24:46 [+]     REMOVED: 'Veeam/Archive/Veeam/062e4216-6c7d-4c6c-802a-d3f20e4ec7de/9cbd8b8e-9173-475b-89f4-c5dc4892819e/data.v2/Data/{011a317f-0bfa-4ee5-b57c-4f992df1569b}/{117bbe62-d5f6-42e8-b8c2-cdc3481db6e6}/126946_8093299d2e64633dbd8f46e44c54b44d_00000000000000000000000000000000' [v:2025-12-21T15:16] (63.72 KB)
18:24:46 [D]     [1/2] Política não encontrada (versão não-current), continuando...
18:24:46 [+]     REMOVED: 'Veeam/Archive/Veeam/062e4216-6c7d-4c6c-802a-d3f20e4ec7de/9cbd8b8e-9173-475b-89f4-c5dc4892819e/data.v2/Data/{011a317f-0bfa-4ee5-b57c-4f992df1569b}/{117bbe62-d5f6-42e8-b8c2-cdc3481db6e6}/126948_e6e57dd2a5b24ef4493c0db20d94e976_00000000000000000000000000000000' [v:2025-12-21T15:16] (39.23 KB)
18:24:46 [D]     [1/2] Política não encontrada (versão não-current), continuando...
18:24:47 [+]     REMOVED: 'Veeam/Archive/Veeam/062e4216-6c7d-4c6c-802a-d3f20e4ec7de/9cbd8b8e-9173-475b-89f4-c5dc4892819e/data.v2/Data/{011a317f-0bfa-4ee5-b57c-4f992df1569b}/{117bbe62-d5f6-42e8-b8c2-cdc3481db6e6}/126952_2d3d35c4f196c375a31864a68353a5fc_00000000000000000000000000000000' [v:2025-12-21T15:16] (34.13 KB)
18:24:47 [D]     [1/2] Política não encontrada (versão não-current), continuando...
18:24:47 [+]     REMOVED: 'Veeam/Archive/Veeam/062e4216-6c7d-4c6c-802a-d3f20e4ec7de/9cbd8b8e-9173-475b-89f4-c5dc4892819e/data.v2/Data/{011a317f-0bfa-4ee5-b57c-4f992df1569b}/{117bbe62-d5f6-42e8-b8c2-cdc3481db6e6}/126954_6c1fe01efa4f6171be599c94f43df612_00000000000000000000000000000000' [v:2025-12-21T15:16] (80.66 KB)
18:24:47 [D]     [1/2] Política não encontrada (versão não-current), continuando...
18:24:47 [+]     REMOVED: 'Veeam/Archive/Veeam/062e4216-6c7d-4c6c-802a-d3f20e4ec7de/9cbd8b8e-9173-475b-89f4-c5dc4892819e/data.v2/Data/{011a317f-0bfa-4ee5-b57c-4f992df1569b}/{117bbe62-d5f6-42e8-b8c2-cdc3481db6e6}/126956_1e95bf36b23a238e0c1c452a48e250bc_00000000000000000000000000000000' [v:2025-12-21T15:16] (81.80 KB)
18:24:47 [D]     [1/2] Política não encontrada (versão não-current), continuando...
18:24:47 [+]     REMOVED: 'Veeam/Archive/Veeam/062e4216-6c7d-4c6c-802a-d3f20e4ec7de/9cbd8b8e-9173-475b-89f4-c5dc4892819e/data.v2/Data/{011a317f-0bfa-4ee5-b57c-4f992df1569b}/{117bbe62-d5f6-42e8-b8c2-cdc3481db6e6}/126958_ec0a5b27a9434692e725620c4409fc6d_00000000000000000000000000000000' [v:2025-12-21T15:16] (61.68 KB)
18:24:48 [D]     [1/2] Política não encontrada (versão não-current), continuando...
18:24:48 [+]     REMOVED: 'Veeam/Archive/Veeam/062e4216-6c7d-4c6c-802a-d3f20e4ec7de/9cbd8b8e-9173-475b-89f4-c5dc4892819e/data.v2/Data/{011a317f-0bfa-4ee5-b57c-4f992df1569b}/{117bbe62-d5f6-42e8-b8c2-cdc3481db6e6}/126973_1ae8246749c82bc6ad9b817011fba805_00000000000000000000000000000000' [v:2025-12-21T15:16] (49.33 KB)
18:24:48 [D]     [1/2] Política não encontrada (versão não-current), continuando...
18:24:48 [+]     REMOVED: 'Veeam/Archive/Veeam/062e4216-6c7d-4c6c-802a-d3f20e4ec7de/9cbd8b8e-9173-475b-89f4-c5dc4892819e/data.v2/Data/{011a317f-0bfa-4ee5-b57c-4f992df1569b}/{117bbe62-d5f6-42e8-b8c2-cdc3481db6e6}/126979_b9d5db77a9e7e2077bded767a5c75ca6_00000000000000000000000000000000' [v:2025-12-21T15:16] (54.10 KB)
18:24:48 [D]     [1/2] Política não encontrada (versão não-current), continuando...
18:24:48 [+]     REMOVED: 'Veeam/Archive/Veeam/062e4216-6c7d-4c6c-802a-d3f20e4ec7de/9cbd8b8e-9173-475b-89f4-c5dc4892819e/data.v2/Data/{011a317f-0bfa-4ee5-b57c-4f992df1569b}/{117bbe62-d5f6-42e8-b8c2-cdc3481db6e6}/126991_ca538425a6ddb3d00699ede028c96968_00000000000000000000000000000000' [v:2025-12-21T15:16] (59.08 KB)
18:24:48 [D]     [1/2] Política não encontrada (versão não-current), continuando...
18:24:49 [+]     REMOVED: 'Veeam/Archive/Veeam/062e4216-6c7d-4c6c-802a-d3f20e4ec7de/9cbd8b8e-9173-475b-89f4-c5dc4892819e/data.v2/Data/{011a317f-0bfa-4ee5-b57c-4f992df1569b}/{117bbe62-d5f6-42e8-b8c2-cdc3481db6e6}/126992_40372407fd37703700f5d77decbaf0f7_00000000000000000000000000000000' [v:2025-12-21T15:16] (34.96 KB)
18:24:49 [D]     [1/2] Política não encontrada (versão não-current), continuando...
18:24:49 [+]     REMOVED: 'Veeam/Archive/Veeam/062e4216-6c7d-4c6c-802a-d3f20e4ec7de/9cbd8b8e-9173-475b-89f4-c5dc4892819e/data.v2/Data/{011a317f-0bfa-4ee5-b57c-4f992df1569b}/{117bbe62-d5f6-42e8-b8c2-cdc3481db6e6}/127010_00da0bfa6d38532544732ad2658107f3_00000000000000000000000000000000' [v:2025-12-21T15:16] (47.82 KB)
18:24:49 [D]     [1/2] Política não encontrada (versão não-current), continuando...
18:24:49 [+]     REMOVED: 'Veeam/Archive/Veeam/062e4216-6c7d-4c6c-802a-d3f20e4ec7de/9cbd8b8e-9173-475b-89f4-c5dc4892819e/data.v2/Data/{011a317f-0bfa-4ee5-b57c-4f992df1569b}/{117bbe62-d5f6-42e8-b8c2-cdc3481db6e6}/127015_3ee7e0831eafabfb1e491fe4bf0d55e2_00000000000000000000000000000000' [v:2025-12-21T15:16] (48.81 KB)
18:24:49 [D]     [1/2] Política não encontrada (versão não-current), continuando...
18:24:49 [+]     REMOVED: 'Veeam/Archive/Veeam/062e4216-6c7d-4c6c-802a-d3f20e4ec7de/9cbd8b8e-9173-475b-89f4-c5dc4892819e/data.v2/Data/{011a317f-0bfa-4ee5-b57c-4f992df1569b}/{117bbe62-d5f6-42e8-b8c2-cdc3481db6e6}/127017_ba1880b88d66ebe36db5e0ecc4018303_00000000000000000000000000000000' [v:2025-12-21T15:16] (32.33 KB)
18:24:50 [D]     [1/2] Política não encontrada (versão não-current), continuando...
18:24:50 [+]     REMOVED: 'Veeam/Archive/Veeam/062e4216-6c7d-4c6c-802a-d3f20e4ec7de/9cbd8b8e-9173-475b-89f4-c5dc4892819e/data.v2/Data/{011a317f-0bfa-4ee5-b57c-4f992df1569b}/{117bbe62-d5f6-42e8-b8c2-cdc3481db6e6}/127023_6e7c5e04dd3032843789aaae33045804_00000000000000000000000000000000' [v:2025-12-21T15:16] (48.41 KB)
18:24:50 [D]     [1/2] Política não encontrada (versão não-current), continuando...
18:24:50 [+]     REMOVED: 'Veeam/Archive/Veeam/062e4216-6c7d-4c6c-802a-d3f20e4ec7de/9cbd8b8e-9173-475b-89f4-c5dc4892819e/data.v2/Data/{011a317f-0bfa-4ee5-b57c-4f992df1569b}/{117bbe62-d5f6-42e8-b8c2-cdc3481db6e6}/127026_1031cdb920a0314cd018e38019fdd928_00000000000000000000000000000000' [v:2025-12-21T15:16] (95.22 KB)
18:24:50 [D]     [1/2] Política não encontrada (versão não-current), continuando...
18:24:50 [+]     REMOVED: 'Veeam/Archive/Veeam/062e4216-6c7d-4c6c-802a-d3f20e4ec7de/9cbd8b8e-9173-475b-89f4-c5dc4892819e/data.v2/Data/{011a317f-0bfa-4ee5-b57c-4f992df1569b}/{117bbe62-d5f6-42e8-b8c2-cdc3481db6e6}/127039_b55016d7e3de0a9010dedf55c27ff9b1_00000000000000000000000000000000' [v:2025-12-21T15:16] (68.29 KB)
18:24:50 [D]     [1/2] Política não encontrada (versão não-current), continuando...
18:24:50 [+]     REMOVED: 'Veeam/Archive/Veeam/062e4216-6c7d-4c6c-802a-d3f20e4ec7de/9cbd8b8e-9173-475b-89f4-c5dc4892819e/data.v2/Data/{011a317f-0bfa-4ee5-b57c-4f992df1569b}/{117bbe62-d5f6-42e8-b8c2-cdc3481db6e6}/127048_ce8b30ea34bc4b6fa999679b9ccd2d78_00000000000000000000000000000000' [v:2025-12-21T15:16] (50.38 KB)
18:24:51 [D]     [1/2] Política não encontrada (versão não-current), continuando...
18:24:51 [+]     REMOVED: 'Veeam/Archive/Veeam/062e4216-6c7d-4c6c-802a-d3f20e4ec7de/9cbd8b8e-9173-475b-89f4-c5dc4892819e/data.v2/Data/{011a317f-0bfa-4ee5-b57c-4f992df1569b}/{117bbe62-d5f6-42e8-b8c2-cdc3481db6e6}/127049_406a5b3c332923e3eebe33bc96d3893c_00000000000000000000000000000000' [v:2025-12-21T15:16] (37.36 KB)
18:24:51 [D]     [1/2] Política não encontrada (versão não-current), continuando...
18:24:51 [+]     REMOVED: 'Veeam/Archive/Veeam/062e4216-6c7d-4c6c-802a-d3f20e4ec7de/9cbd8b8e-9173-475b-89f4-c5dc4892819e/data.v2/Data/{011a317f-0bfa-4ee5-b57c-4f992df1569b}/{117bbe62-d5f6-42e8-b8c2-cdc3481db6e6}/127052_09c0215f046b19f8328dcc35d015386e_00000000000000000000000000000000' [v:2025-12-21T15:16] (35.93 KB)
18:24:51 [D]     [1/2] Política não encontrada (versão não-current), continuando...
18:24:51 [+]     REMOVED: 'Veeam/Archive/Veeam/062e4216-6c7d-4c6c-802a-d3f20e4ec7de/9cbd8b8e-9173-475b-89f4-c5dc4892819e/data.v2/Data/{011a317f-0bfa-4ee5-b57c-4f992df1569b}/{117bbe62-d5f6-42e8-b8c2-cdc3481db6e6}/127062_f3fccda014ad86d69cb0ddbe9b5968f8_00000000000000000000000000000000' [v:2025-12-21T15:16] (78.10 KB)
18:24:51 [D]     [1/2] Política não encontrada (versão não-current), continuando...
18:24:52 [+]     REMOVED: 'Veeam/Archive/Veeam/062e4216-6c7d-4c6c-802a-d3f20e4ec7de/9cbd8b8e-9173-475b-89f4-c5dc4892819e/data.v2/Data/{011a317f-0bfa-4ee5-b57c-4f992df1569b}/{117bbe62-d5f6-42e8-b8c2-cdc3481db6e6}/127076_31646516da23fc745d1505bc052f729c_00000000000000000000000000000000' [v:2025-12-21T15:16] (31.19 KB)
18:24:52 [D]     [1/2] Política não encontrada (versão não-current), continuando...
18:24:52 [+]     REMOVED: 'Veeam/Archive/Veeam/062e4216-6c7d-4c6c-802a-d3f20e4ec7de/9cbd8b8e-9173-475b-89f4-c5dc4892819e/data.v2/Data/{011a317f-0bfa-4ee5-b57c-4f992df1569b}/{117bbe62-d5f6-42e8-b8c2-cdc3481db6e6}/127078_4be3e051e674124d928ae16b78d6fb8a_00000000000000000000000000000000' [v:2025-12-21T15:16] (55.34 KB)
18:24:52 [D]     [1/2] Política não encontrada (versão não-current), continuando...
18:24:52 [+]     REMOVED: 'Veeam/Archive/Veeam/062e4216-6c7d-4c6c-802a-d3f20e4ec7de/9cbd8b8e-9173-475b-89f4-c5dc4892819e/data.v2/Data/{011a317f-0bfa-4ee5-b57c-4f992df1569b}/{117bbe62-d5f6-42e8-b8c2-cdc3481db6e6}/127083_3c885e74f7d2737cd359e0e34b5b0140_00000000000000000000000000000000' [v:2025-12-21T15:16] (50.23 KB)
18:24:52 [D]     [1/2] Política não encontrada (versão não-current), continuando...
18:24:53 [+]     REMOVED: 'Veeam/Archive/Veeam/062e4216-6c7d-4c6c-802a-d3f20e4ec7de/9cbd8b8e-9173-475b-89f4-c5dc4892819e/data.v2/Data/{011a317f-0bfa-4ee5-b57c-4f992df1569b}/{117bbe62-d5f6-42e8-b8c2-cdc3481db6e6}/127087_6e1d459e60491294f73d0c649dc20620_00000000000000000000000000000000' [v:2025-12-21T15:16] (49.28 KB)
18:24:53 [D]     [1/2] Política não encontrada (versão não-current), continuando...
18:24:53 [+]     REMOVED: 'Veeam/Archive/Veeam/062e4216-6c7d-4c6c-802a-d3f20e4ec7de/9cbd8b8e-9173-475b-89f4-c5dc4892819e/data.v2/Data/{011a317f-0bfa-4ee5-b57c-4f992df1569b}/{117bbe62-d5f6-42e8-b8c2-cdc3481db6e6}/127088_8fafcce11fcf3e7d701b813c1585b5fa_00000000000000000000000000000000' [v:2025-12-21T15:16] (56.14 KB)
18:24:53 [D]     [1/2] Política não encontrada (versão não-current), continuando...
18:24:53 [+]     REMOVED: 'Veeam/Archive/Veeam/062e4216-6c7d-4c6c-802a-d3f20e4ec7de/9cbd8b8e-9173-475b-89f4-c5dc4892819e/data.v2/Data/{011a317f-0bfa-4ee5-b57c-4f992df1569b}/{117bbe62-d5f6-42e8-b8c2-cdc3481db6e6}/127093_ae19b473526a5f000e2d621242c3dcdb_00000000000000000000000000000000' [v:2025-12-21T15:16] (28.60 KB)
18:24:53 [D]     [1/2] Política não encontrada (versão não-current), continuando...
18:24:53 [+]     REMOVED: 'Veeam/Archive/Veeam/062e4216-6c7d-4c6c-802a-d3f20e4ec7de/9cbd8b8e-9173-475b-89f4-c5dc4892819e/data.v2/Data/{011a317f-0bfa-4ee5-b57c-4f992df1569b}/{117bbe62-d5f6-42e8-b8c2-cdc3481db6e6}/127096_a424f886225084e8b3a0f9d61f78b510_00000000000000000000000000000000' [v:2025-12-21T15:16] (53.39 KB)
18:24:54 [D]     [1/2] Política não encontrada (versão não-current), continuando...
18:24:54 [+]     REMOVED: 'Veeam/Archive/Veeam/062e4216-6c7d-4c6c-802a-d3f20e4ec7de/9cbd8b8e-9173-475b-89f4-c5dc4892819e/data.v2/Data/{011a317f-0bfa-4ee5-b57c-4f992df1569b}/{117bbe62-d5f6-42e8-b8c2-cdc3481db6e6}/127101_5494f2814f746a57eac9d790c7271e37_00000000000000000000000000000000' [v:2025-12-21T15:16] (55.19 KB)
18:24:54 [D]     [1/2] Política não encontrada (versão não-current), continuando...
18:24:54 [+]     REMOVED: 'Veeam/Archive/Veeam/062e4216-6c7d-4c6c-802a-d3f20e4ec7de/9cbd8b8e-9173-475b-89f4-c5dc4892819e/data.v2/Data/{011a317f-0bfa-4ee5-b57c-4f992df1569b}/{117bbe62-d5f6-42e8-b8c2-cdc3481db6e6}/127107_f3e7acf6c59eb411bf3d51dc3fe16680_00000000000000000000000000000000' [v:2025-12-21T15:16] (45.16 KB)
18:24:54 [D]     [1/2] Política não encontrada (versão não-current), continuando...
18:24:54 [+]     REMOVED: 'Veeam/Archive/Veeam/062e4216-6c7d-4c6c-802a-d3f20e4ec7de/9cbd8b8e-9173-475b-89f4-c5dc4892819e/data.v2/Data/{011a317f-0bfa-4ee5-b57c-4f992df1569b}/{117bbe62-d5f6-42e8-b8c2-cdc3481db6e6}/127116_c34547d53df8b4c0fea96e7c769db44f_00000000000000000000000000000000' [v:2025-12-21T15:16] (27.02 KB)
18:24:54 [D]     [1/2] Política não encontrada (versão não-current), continuando...
18:24:55 [+]     REMOVED: 'Veeam/Archive/Veeam/062e4216-6c7d-4c6c-802a-d3f20e4ec7de/9cbd8b8e-9173-475b-89f4-c5dc4892819e/data.v2/Data/{011a317f-0bfa-4ee5-b57c-4f992df1569b}/{117bbe62-d5f6-42e8-b8c2-cdc3481db6e6}/127128_e5bd9f706f5d677904835f38bdee1d5f_00000000000000000000000000000000' [v:2025-12-21T15:16] (33.35 KB)
18:24:55 [i]     Pág 1 concluída: 50 blobs | 48 ações
18:24:55 [i]     Pág 2 requisitando até 50 blobs...
18:24:55 [+]     Pág 2: 50 blobs | token capturado → mais páginas
>>> DEBUG: Iniciando foreach de 50 blobs (pág 2) | modeRemove=True | MinAccountSizeTB=0
18:24:55 [!]     [EXPIRED] Veeam/Archive/Veeam/062e4216-6c7d-4c6c-802a-d3f20e4ec7de/9cbd8b8e-9173-475b-8... (80.79 KB) | 24d
18:24:55 [!]     [EXPIRED] Veeam/Archive/Veeam/062e4216-6c7d-4c6c-802a-d3f20e4ec7de/9cbd8b8e-9173-475b-8... (76.64 KB) | 14d
18:24:55 [!]     [EXPIRED] Veeam/Archive/Veeam/062e4216-6c7d-4c6c-802a-d3f20e4ec7de/9cbd8b8e-9173-475b-8... (63.02 KB) | 14d
18:24:55 [!]     [EXPIRED] Veeam/Archive/Veeam/062e4216-6c7d-4c6c-802a-d3f20e4ec7de/9cbd8b8e-9173-475b-8... (55.75 KB) | 24d
18:24:56 [!]     [EXPIRED] Veeam/Archive/Veeam/062e4216-6c7d-4c6c-802a-d3f20e4ec7de/9cbd8b8e-9173-475b-8... (36.73 KB) | 4d
18:24:56 [!]     [EXPIRED] Veeam/Archive/Veeam/062e4216-6c7d-4c6c-802a-d3f20e4ec7de/9cbd8b8e-9173-475b-8... (92.40 KB) | 24d
18:24:56 [!]     [EXPIRED] Veeam/Archive/Veeam/062e4216-6c7d-4c6c-802a-d3f20e4ec7de/9cbd8b8e-9173-475b-8... (48.22 KB) | 4d
18:24:56 [!]     [EXPIRED] Veeam/Archive/Veeam/062e4216-6c7d-4c6c-802a-d3f20e4ec7de/9cbd8b8e-9173-475b-8... (63.97 KB) | 14d
18:24:56 [!]     [EXPIRED] Veeam/Archive/Veeam/062e4216-6c7d-4c6c-802a-d3f20e4ec7de/9cbd8b8e-9173-475b-8... (54.73 KB) | 4d
18:24:56 [!]     [EXPIRED] Veeam/Archive/Veeam/062e4216-6c7d-4c6c-802a-d3f20e4ec7de/9cbd8b8e-9173-475b-8... (63.13 KB) | 24d
18:24:56 [!]     [EXPIRED] Veeam/Archive/Veeam/062e4216-6c7d-4c6c-802a-d3f20e4ec7de/9cbd8b8e-9173-475b-8... (122.55 KB) | 14d
18:24:56 [!]     [EXPIRED] Veeam/Archive/Veeam/062e4216-6c7d-4c6c-802a-d3f20e4ec7de/9cbd8b8e-9173-475b-8... (120.04 KB) | 4d
18:24:57 [!]     [EXPIRED] Veeam/Archive/Veeam/062e4216-6c7d-4c6c-802a-d3f20e4ec7de/9cbd8b8e-9173-475b-8... (52.16 KB) | 14d
18:24:57 [!]     [EXPIRED] Veeam/Archive/Veeam/062e4216-6c7d-4c6c-802a-d3f20e4ec7de/9cbd8b8e-9173-475b-8... (33.17 KB) | 4d
18:24:57 [!]     [EXPIRED] Veeam/Archive/Veeam/062e4216-6c7d-4c6c-802a-d3f20e4ec7de/9cbd8b8e-9173-475b-8... (30.28 KB) | 4d
18:24:57 [!]     [EXPIRED] Veeam/Archive/Veeam/062e4216-6c7d-4c6c-802a-d3f20e4ec7de/9cbd8b8e-9173-475b-8... (73.93 KB) | 24d
18:24:57 [!]     [EXPIRED] Veeam/Archive/Veeam/062e4216-6c7d-4c6c-802a-d3f20e4ec7de/9cbd8b8e-9173-475b-8... (43.33 KB) | 24d
18:24:57 [!]     [EXPIRED] Veeam/Archive/Veeam/062e4216-6c7d-4c6c-802a-d3f20e4ec7de/9cbd8b8e-9173-475b-8... (20.29 KB) | 4d
18:24:57 [!]     [EXPIRED] Veeam/Archive/Veeam/062e4216-6c7d-4c6c-802a-d3f20e4ec7de/9cbd8b8e-9173-475b-8... (38.46 KB) | 24d
18:24:57 [!]     [EXPIRED] Veeam/Archive/Veeam/062e4216-6c7d-4c6c-802a-d3f20e4ec7de/9cbd8b8e-9173-475b-8... (92.15 KB) | 24d
18:24:58 [!]     [EXPIRED] Veeam/Archive/Veeam/062e4216-6c7d-4c6c-802a-d3f20e4ec7de/9cbd8b8e-9173-475b-8... (73.65 KB) | 24d
18:24:58 [!]     [EXPIRED] Veeam/Archive/Veeam/062e4216-6c7d-4c6c-802a-d3f20e4ec7de/9cbd8b8e-9173-475b-8... (104.48 KB) | 24d
18:24:58 [!]     [EXPIRED] Veeam/Archive/Veeam/062e4216-6c7d-4c6c-802a-d3f20e4ec7de/9cbd8b8e-9173-475b-8... (64.82 KB) | 24d
18:24:58 [!]     [EXPIRED] Veeam/Archive/Veeam/062e4216-6c7d-4c6c-802a-d3f20e4ec7de/9cbd8b8e-9173-475b-8... (22.97 KB) | 24d
18:24:58 [!]     [EXPIRED] Veeam/Archive/Veeam/062e4216-6c7d-4c6c-802a-d3f20e4ec7de/9cbd8b8e-9173-475b-8... (53.70 KB) | 4d
18:24:58 [!]     [EXPIRED] Veeam/Archive/Veeam/062e4216-6c7d-4c6c-802a-d3f20e4ec7de/9cbd8b8e-9173-475b-8... (36.16 KB) | 24d
18:24:58 [!]     [EXPIRED] Veeam/Archive/Veeam/062e4216-6c7d-4c6c-802a-d3f20e4ec7de/9cbd8b8e-9173-475b-8... (65.62 KB) | 4d
18:24:58 [!]     [EXPIRED] Veeam/Archive/Veeam/062e4216-6c7d-4c6c-802a-d3f20e4ec7de/9cbd8b8e-9173-475b-8... (63.95 KB) | 4d
18:24:58 [!]     [EXPIRED] Veeam/Archive/Veeam/062e4216-6c7d-4c6c-802a-d3f20e4ec7de/9cbd8b8e-9173-475b-8... (129.87 KB) | 24d
18:24:59 [!]     [EXPIRED] Veeam/Archive/Veeam/062e4216-6c7d-4c6c-802a-d3f20e4ec7de/9cbd8b8e-9173-475b-8... (70.95 KB) | 14d
18:24:59 [!]     [EXPIRED] Veeam/Archive/Veeam/062e4216-6c7d-4c6c-802a-d3f20e4ec7de/9cbd8b8e-9173-475b-8... (23.99 KB) | 24d
18:24:59 [!]     [EXPIRED] Veeam/Archive/Veeam/062e4216-6c7d-4c6c-802a-d3f20e4ec7de/9cbd8b8e-9173-475b-8... (70.62 KB) | 24d
18:24:59 [!]     [EXPIRED] Veeam/Archive/Veeam/062e4216-6c7d-4c6c-802a-d3f20e4ec7de/9cbd8b8e-9173-475b-8... (56.41 KB) | 14d
18:24:59 [!]     [EXPIRED] Veeam/Archive/Veeam/062e4216-6c7d-4c6c-802a-d3f20e4ec7de/9cbd8b8e-9173-475b-8... (42.02 KB) | 14d
18:24:59 [!]     [EXPIRED] Veeam/Archive/Veeam/062e4216-6c7d-4c6c-802a-d3f20e4ec7de/9cbd8b8e-9173-475b-8... (73.38 KB) | 14d
18:24:59 [!]     [EXPIRED] Veeam/Archive/Veeam/062e4216-6c7d-4c6c-802a-d3f20e4ec7de/9cbd8b8e-9173-475b-8... (75.31 KB) | 24d
18:24:59 [!]     [EXPIRED] Veeam/Archive/Veeam/062e4216-6c7d-4c6c-802a-d3f20e4ec7de/9cbd8b8e-9173-475b-8... (79.47 KB) | 24d
18:25:00 [!]     [EXPIRED] Veeam/Archive/Veeam/062e4216-6c7d-4c6c-802a-d3f20e4ec7de/9cbd8b8e-9173-475b-8... (41.71 KB) | 14d
18:25:00 [!]     [EXPIRED] Veeam/Archive/Veeam/062e4216-6c7d-4c6c-802a-d3f20e4ec7de/9cbd8b8e-9173-475b-8... (50.78 KB) | 24d
18:25:00 [!]     [EXPIRED] Veeam/Archive/Veeam/062e4216-6c7d-4c6c-802a-d3f20e4ec7de/9cbd8b8e-9173-475b-8... (40.08 KB) | 4d
18:25:00 [!]     [EXPIRED] Veeam/Archive/Veeam/062e4216-6c7d-4c6c-802a-d3f20e4ec7de/9cbd8b8e-9173-475b-8... (58.91 KB) | 14d
18:25:00 [!]     [EXPIRED] Veeam/Archive/Veeam/062e4216-6c7d-4c6c-802a-d3f20e4ec7de/9cbd8b8e-9173-475b-8... (46.70 KB) | 24d
18:25:00 [!]     [EXPIRED] Veeam/Archive/Veeam/062e4216-6c7d-4c6c-802a-d3f20e4ec7de/9cbd8b8e-9173-475b-8... (89.71 KB) | 14d
18:25:00 [!]     [EXPIRED] Veeam/Archive/Veeam/062e4216-6c7d-4c6c-802a-d3f20e4ec7de/9cbd8b8e-9173-475b-8... (49.69 KB) | 24d
18:25:00 [!]     [EXPIRED] Veeam/Archive/Veeam/062e4216-6c7d-4c6c-802a-d3f20e4ec7de/9cbd8b8e-9173-475b-8... (70.35 KB) | 24d
18:25:01 [!]     [EXPIRED] Veeam/Archive/Veeam/062e4216-6c7d-4c6c-802a-d3f20e4ec7de/9cbd8b8e-9173-475b-8... (53.10 KB) | 24d
18:25:01 [!]     [EXPIRED] Veeam/Archive/Veeam/062e4216-6c7d-4c6c-802a-d3f20e4ec7de/9cbd8b8e-9173-475b-8... (73.45 KB) | 24d
18:25:01 [!]     [EXPIRED] Veeam/Archive/Veeam/062e4216-6c7d-4c6c-802a-d3f20e4ec7de/9cbd8b8e-9173-475b-8... (48.70 KB) | 24d
18:25:01 [!]     [EXPIRED] Veeam/Archive/Veeam/062e4216-6c7d-4c6c-802a-d3f20e4ec7de/9cbd8b8e-9173-475b-8... (71.88 KB) | 4d
18:25:01 [!]     [EXPIRED] Veeam/Archive/Veeam/062e4216-6c7d-4c6c-802a-d3f20e4ec7de/9cbd8b8e-9173-475b-8... (73.04 KB) | 24d
>>> DEBUG: foreach CONCLUÍDO | pageEligible.Count=50 | ctrExpired=98 | stats.Eligible=98
18:25:01 [!]     Pág 2: removendo 50 blob(s)...
18:25:01 [D]     [1/2] Política não encontrada (versão não-current), continuando...
18:25:01 [+]     REMOVED: 'Veeam/Archive/Veeam/062e4216-6c7d-4c6c-802a-d3f20e4ec7de/9cbd8b8e-9173-475b-89f4-c5dc4892819e/data.v2/Data/{011a317f-0bfa-4ee5-b57c-4f992df1569b}/{117bbe62-d5f6-42e8-b8c2-cdc3481db6e6}/127132_6a07aca689c28855ea2706d3dd206e01_00000000000000000000000000000000' [v:2025-12-21T15:16] (80.79 KB)
18:25:02 [D]     [1/2] Política não encontrada (versão não-current), continuando...
18:25:02 [+]     REMOVED: 'Veeam/Archive/Veeam/062e4216-6c7d-4c6c-802a-d3f20e4ec7de/9cbd8b8e-9173-475b-89f4-c5dc4892819e/data.v2/Data/{011a317f-0bfa-4ee5-b57c-4f992df1569b}/{117bbe62-d5f6-42e8-b8c2-cdc3481db6e6}/127133_123f1770f22e66d727d3ae6cd776876f_00000000000000000000000000000000' [v:2025-12-21T15:16] (76.64 KB)
18:25:02 [D]     [1/2] Política não encontrada (versão não-current), continuando...
18:25:02 [+]     REMOVED: 'Veeam/Archive/Veeam/062e4216-6c7d-4c6c-802a-d3f20e4ec7de/9cbd8b8e-9173-475b-89f4-c5dc4892819e/data.v2/Data/{011a317f-0bfa-4ee5-b57c-4f992df1569b}/{117bbe62-d5f6-42e8-b8c2-cdc3481db6e6}/127135_a09708e025ed3c5edbedd102390e63b7_00000000000000000000000000000000' [v:2025-12-21T15:16] (63.02 KB)
18:25:02 [D]     [1/2] Política não encontrada (versão não-current), continuando...
18:25:02 [+]     REMOVED: 'Veeam/Archive/Veeam/062e4216-6c7d-4c6c-802a-d3f20e4ec7de/9cbd8b8e-9173-475b-89f4-c5dc4892819e/data.v2/Data/{011a317f-0bfa-4ee5-b57c-4f992df1569b}/{117bbe62-d5f6-42e8-b8c2-cdc3481db6e6}/127136_be78556ff08986d6b7d0e58e481605fc_00000000000000000000000000000000' [v:2025-12-21T15:16] (55.75 KB)
18:25:02 [D]     [1/2] Política não encontrada (versão não-current), continuando...
18:25:03 [+]     REMOVED: 'Veeam/Archive/Veeam/062e4216-6c7d-4c6c-802a-d3f20e4ec7de/9cbd8b8e-9173-475b-89f4-c5dc4892819e/data.v2/Data/{011a317f-0bfa-4ee5-b57c-4f992df1569b}/{117bbe62-d5f6-42e8-b8c2-cdc3481db6e6}/127138_9a2e07fcb18e0761be8606bf1af761eb_00000000000000000000000000000000' [v:2025-12-21T15:16] (36.73 KB)
18:25:03 [D]     [1/2] Política não encontrada (versão não-current), continuando...
18:25:03 [+]     REMOVED: 'Veeam/Archive/Veeam/062e4216-6c7d-4c6c-802a-d3f20e4ec7de/9cbd8b8e-9173-475b-89f4-c5dc4892819e/data.v2/Data/{011a317f-0bfa-4ee5-b57c-4f992df1569b}/{117bbe62-d5f6-42e8-b8c2-cdc3481db6e6}/127141_7f28713416709cd0feeeecbd4c0b5d65_00000000000000000000000000000000' [v:2025-12-21T15:16] (92.40 KB)
18:25:03 [D]     [1/2] Política não encontrada (versão não-current), continuando...
18:25:04 [+]     REMOVED: 'Veeam/Archive/Veeam/062e4216-6c7d-4c6c-802a-d3f20e4ec7de/9cbd8b8e-9173-475b-89f4-c5dc4892819e/data.v2/Data/{011a317f-0bfa-4ee5-b57c-4f992df1569b}/{117bbe62-d5f6-42e8-b8c2-cdc3481db6e6}/127144_11b4885a6bf700964bb830b7c699223e_00000000000000000000000000000000' [v:2025-12-21T15:16] (48.22 KB)
18:25:04 [D]     [1/2] Política não encontrada (versão não-current), continuando...
18:25:04 [+]     REMOVED: 'Veeam/Archive/Veeam/062e4216-6c7d-4c6c-802a-d3f20e4ec7de/9cbd8b8e-9173-475b-89f4-c5dc4892819e/data.v2/Data/{011a317f-0bfa-4ee5-b57c-4f992df1569b}/{117bbe62-d5f6-42e8-b8c2-cdc3481db6e6}/127153_4b99c78a02c0f44f4815f1bb8340d31f_00000000000000000000000000000000' [v:2025-12-21T15:16] (63.97 KB)
18:25:04 [D]     [1/2] Política não encontrada (versão não-current), continuando...
18:25:04 [+]     REMOVED: 'Veeam/Archive/Veeam/062e4216-6c7d-4c6c-802a-d3f20e4ec7de/9cbd8b8e-9173-475b-89f4-c5dc4892819e/data.v2/Data/{011a317f-0bfa-4ee5-b57c-4f992df1569b}/{117bbe62-d5f6-42e8-b8c2-cdc3481db6e6}/127155_a306cc995f9309af5bf07a23051f3e80_00000000000000000000000000000000' [v:2025-12-21T15:16] (54.73 KB)
18:25:04 [D]     [1/2] Política não encontrada (versão não-current), continuando...
18:25:04 [+]     REMOVED: 'Veeam/Archive/Veeam/062e4216-6c7d-4c6c-802a-d3f20e4ec7de/9cbd8b8e-9173-475b-89f4-c5dc4892819e/data.v2/Data/{011a317f-0bfa-4ee5-b57c-4f992df1569b}/{117bbe62-d5f6-42e8-b8c2-cdc3481db6e6}/127156_b482b1566a88969e71841b6d683484ef_00000000000000000000000000000000' [v:2025-12-21T15:16] (63.13 KB)
18:25:05 [D]     [1/2] Política não encontrada (versão não-current), continuando...
18:25:05 [+]     REMOVED: 'Veeam/Archive/Veeam/062e4216-6c7d-4c6c-802a-d3f20e4ec7de/9cbd8b8e-9173-475b-89f4-c5dc4892819e/data.v2/Data/{011a317f-0bfa-4ee5-b57c-4f992df1569b}/{117bbe62-d5f6-42e8-b8c2-cdc3481db6e6}/127159_85657dd891588db510981c29ff8c74f5_00000000000000000000000000000000' [v:2025-12-21T15:16] (122.55 KB)
18:25:05 [D]     [1/2] Política não encontrada (versão não-current), continuando...
18:25:05 [+]     REMOVED: 'Veeam/Archive/Veeam/062e4216-6c7d-4c6c-802a-d3f20e4ec7de/9cbd8b8e-9173-475b-89f4-c5dc4892819e/data.v2/Data/{011a317f-0bfa-4ee5-b57c-4f992df1569b}/{117bbe62-d5f6-42e8-b8c2-cdc3481db6e6}/127160_8342bae2b6dd62bc130c7520cedf8b60_00000000000000000000000000000000' [v:2025-12-21T15:16] (120.04 KB)
18:25:05 [D]     [1/2] Política não encontrada (versão não-current), continuando...
18:25:05 [+]     REMOVED: 'Veeam/Archive/Veeam/062e4216-6c7d-4c6c-802a-d3f20e4ec7de/9cbd8b8e-9173-475b-89f4-c5dc4892819e/data.v2/Data/{011a317f-0bfa-4ee5-b57c-4f992df1569b}/{117bbe62-d5f6-42e8-b8c2-cdc3481db6e6}/127161_e429c90dede537bf7c3875bf86ca9ca5_00000000000000000000000000000000' [v:2025-12-21T15:16] (52.16 KB)
